2025-05-25 01:26:53,865 - data_ingestion - DEBUG - Data loaded successfully from https://raw.githubusercontent.com/ArpitaMallik/Datasets/refs/heads/main/spam.csv
2025-05-25 01:26:53,875 - data_ingestion - DEBUG - Data preprocessed successfully
2025-05-25 01:26:53,999 - data_ingestion - DEBUG - Data saved successfully to ./data\raw
2025-05-25 01:26:53,999 - data_ingestion - INFO - Data ingestion process completed successfully.
2025-05-26 14:15:17,944 - data_ingestion - DEBUG - Data loaded successfully from https://raw.githubusercontent.com/ArpitaMallik/Datasets/refs/heads/main/spam.csv
2025-05-26 14:15:18,067 - data_ingestion - DEBUG - Data preprocessed successfully
2025-05-26 14:15:18,089 - data_ingestion - DEBUG - Data saved successfully to ./data\raw
2025-05-26 14:15:18,090 - data_ingestion - INFO - Data ingestion process completed successfully.
2025-05-26 21:38:50,634 - data_ingestion - DEBUG - Data loaded successfully from https://raw.githubusercontent.com/ArpitaMallik/Datasets/refs/heads/main/spam.csv
2025-05-26 21:38:50,723 - data_ingestion - DEBUG - Data preprocessed successfully
2025-05-26 21:38:50,856 - data_ingestion - DEBUG - Data saved successfully to ./data\raw
2025-05-26 21:38:50,856 - data_ingestion - INFO - Data ingestion process completed successfully.
2025-05-26 21:41:07,975 - data_ingestion - DEBUG - Data loaded successfully from https://raw.githubusercontent.com/ArpitaMallik/Datasets/refs/heads/main/spam.csv
2025-05-26 21:41:07,986 - data_ingestion - DEBUG - Data preprocessed successfully
2025-05-26 21:41:08,005 - data_ingestion - DEBUG - Data saved successfully to ./data\raw
2025-05-26 21:41:08,006 - data_ingestion - INFO - Data ingestion process completed successfully.
2025-05-26 22:48:01,019 - data_ingestion - DEBUG - Parameters retrieved from params.yaml
2025-05-26 22:48:02,578 - data_ingestion - DEBUG - Data loaded successfully from https://raw.githubusercontent.com/ArpitaMallik/Datasets/refs/heads/main/spam.csv
2025-05-26 22:48:02,666 - data_ingestion - DEBUG - Data preprocessed successfully
2025-05-26 22:48:02,719 - data_ingestion - DEBUG - Data saved successfully to ./data\raw
2025-05-26 22:48:02,720 - data_ingestion - INFO - Data ingestion process completed successfully.
2025-05-26 22:52:02,948 - data_ingestion - DEBUG - Parameters retrieved from params.yaml
2025-05-26 22:52:03,576 - data_ingestion - DEBUG - Data loaded successfully from https://raw.githubusercontent.com/ArpitaMallik/Datasets/refs/heads/main/spam.csv
2025-05-26 22:52:03,652 - data_ingestion - DEBUG - Data preprocessed successfully
2025-05-26 22:52:03,721 - data_ingestion - DEBUG - Data saved successfully to ./data\raw
2025-05-26 22:52:03,722 - data_ingestion - INFO - Data ingestion process completed successfully.
2025-05-26 23:31:03,343 - data_ingestion - DEBUG - Parameters retrieved from params.yaml
2025-05-26 23:31:04,545 - data_ingestion - DEBUG - Data loaded successfully from https://raw.githubusercontent.com/ArpitaMallik/Datasets/refs/heads/main/spam.csv
2025-05-26 23:31:04,618 - data_ingestion - DEBUG - Data preprocessed successfully
2025-05-26 23:31:04,712 - data_ingestion - DEBUG - Data saved successfully to ./data\raw
2025-05-26 23:31:04,713 - data_ingestion - INFO - Data ingestion process completed successfully.
2025-05-26 23:34:39,979 - data_ingestion - DEBUG - Parameters retrieved from params.yaml
2025-05-26 23:34:40,483 - data_ingestion - DEBUG - Data loaded successfully from https://raw.githubusercontent.com/ArpitaMallik/Datasets/refs/heads/main/spam.csv
2025-05-26 23:34:40,485 - data_ingestion - DEBUG - Data preprocessed successfully
2025-05-26 23:34:40,501 - data_ingestion - DEBUG - Data saved successfully to ./data\raw
2025-05-26 23:34:40,501 - data_ingestion - INFO - Data ingestion process completed successfully.
2025-05-26 23:35:49,970 - data_ingestion - DEBUG - Parameters retrieved from params.yaml
2025-05-26 23:35:50,544 - data_ingestion - DEBUG - Data loaded successfully from https://raw.githubusercontent.com/ArpitaMallik/Datasets/refs/heads/main/spam.csv
2025-05-26 23:35:50,546 - data_ingestion - DEBUG - Data preprocessed successfully
2025-05-26 23:35:50,564 - data_ingestion - DEBUG - Data saved successfully to ./data\raw
2025-05-26 23:35:50,564 - data_ingestion - INFO - Data ingestion process completed successfully.
