2025-05-26 01:15:23,987 - data_preprocessing - DEBUG - Data loaded properly
2025-05-26 01:15:23,987 - data_preprocessing - DEBUG - Starting preprocessing for DataFrame
2025-05-26 01:15:23,991 - data_preprocessing - DEBUG - Target column encoded
2025-05-26 01:15:24,003 - data_preprocessing - DEBUG - Duplicates removed
2025-05-26 01:15:34,057 - data_preprocessing - DEBUG - Text column transformed
2025-05-26 01:15:34,057 - data_preprocessing - DEBUG - Starting preprocessing for DataFrame
2025-05-26 01:15:34,057 - data_preprocessing - DEBUG - Target column encoded
2025-05-26 01:15:34,062 - data_preprocessing - DEBUG - Duplicates removed
2025-05-26 01:15:36,666 - data_preprocessing - DEBUG - Text column transformed
2025-05-26 01:15:36,796 - data_preprocessing - DEBUG - Processed data saved to ./data\interim
2025-05-26 14:15:47,985 - data_preprocessing - DEBUG - Data loaded properly
2025-05-26 14:15:48,082 - data_preprocessing - DEBUG - Starting preprocessing for DataFrame
2025-05-26 14:15:48,087 - data_preprocessing - DEBUG - Target column encoded
2025-05-26 14:15:48,101 - data_preprocessing - DEBUG - Duplicates removed
2025-05-26 14:15:58,508 - data_preprocessing - DEBUG - Text column transformed
2025-05-26 14:15:58,508 - data_preprocessing - DEBUG - Starting preprocessing for DataFrame
2025-05-26 14:15:58,509 - data_preprocessing - DEBUG - Target column encoded
2025-05-26 14:15:58,510 - data_preprocessing - DEBUG - Duplicates removed
2025-05-26 14:16:01,210 - data_preprocessing - DEBUG - Text column transformed
2025-05-26 14:16:01,221 - data_preprocessing - DEBUG - Processed data saved to ./data\interim
2025-05-26 21:39:43,205 - data_preprocessing - DEBUG - Data loaded properly
2025-05-26 21:39:43,215 - data_preprocessing - DEBUG - Starting preprocessing for DataFrame
2025-05-26 21:39:43,236 - data_preprocessing - DEBUG - Target column encoded
2025-05-26 21:39:43,380 - data_preprocessing - DEBUG - Duplicates removed
2025-05-26 21:39:43,388 - data_preprocessing - ERROR - Error during text normalization: 
**********************************************************************
  Resource [93mpunkt_tab[0m not found.
  Please use the NLTK Downloader to obtain the resource:

  [31m>>> import nltk
  >>> nltk.download('punkt_tab')
  [0m
  For more information see: https://www.nltk.org/data.html

  Attempted to load [93mtokenizers/punkt_tab/english/[0m

  Searched in:
    - 'C:\\Users\\Arpita mallik/nltk_data'
    - 'F:\\MLOPS_Complete_ML_Pipeline\\venv\\nltk_data'
    - 'F:\\MLOPS_Complete_ML_Pipeline\\venv\\share\\nltk_data'
    - 'F:\\MLOPS_Complete_ML_Pipeline\\venv\\lib\\nltk_data'
    - 'C:\\Users\\Arpita mallik\\AppData\\Roaming\\nltk_data'
    - 'C:\\nltk_data'
    - 'D:\\nltk_data'
    - 'E:\\nltk_data'
**********************************************************************

2025-05-26 21:39:43,388 - data_preprocessing - ERROR - Failed to complete the data transformation process: 
**********************************************************************
  Resource [93mpunkt_tab[0m not found.
  Please use the NLTK Downloader to obtain the resource:

  [31m>>> import nltk
  >>> nltk.download('punkt_tab')
  [0m
  For more information see: https://www.nltk.org/data.html

  Attempted to load [93mtokenizers/punkt_tab/english/[0m

  Searched in:
    - 'C:\\Users\\Arpita mallik/nltk_data'
    - 'F:\\MLOPS_Complete_ML_Pipeline\\venv\\nltk_data'
    - 'F:\\MLOPS_Complete_ML_Pipeline\\venv\\share\\nltk_data'
    - 'F:\\MLOPS_Complete_ML_Pipeline\\venv\\lib\\nltk_data'
    - 'C:\\Users\\Arpita mallik\\AppData\\Roaming\\nltk_data'
    - 'C:\\nltk_data'
    - 'D:\\nltk_data'
    - 'E:\\nltk_data'
**********************************************************************

2025-05-26 21:42:17,604 - data_preprocessing - DEBUG - Data loaded properly
2025-05-26 21:42:17,604 - data_preprocessing - DEBUG - Starting preprocessing for DataFrame
2025-05-26 21:42:17,606 - data_preprocessing - DEBUG - Target column encoded
2025-05-26 21:42:17,617 - data_preprocessing - DEBUG - Duplicates removed
2025-05-26 21:42:27,905 - data_preprocessing - DEBUG - Text column transformed
2025-05-26 21:42:27,905 - data_preprocessing - DEBUG - Starting preprocessing for DataFrame
2025-05-26 21:42:27,905 - data_preprocessing - DEBUG - Target column encoded
2025-05-26 21:42:27,905 - data_preprocessing - DEBUG - Duplicates removed
2025-05-26 21:42:30,596 - data_preprocessing - DEBUG - Text column transformed
2025-05-26 21:42:30,620 - data_preprocessing - DEBUG - Processed data saved to ./data\interim
2025-05-26 21:43:11,561 - data_preprocessing - DEBUG - Data loaded properly
2025-05-26 21:43:11,561 - data_preprocessing - DEBUG - Starting preprocessing for DataFrame
2025-05-26 21:43:11,625 - data_preprocessing - DEBUG - Target column encoded
2025-05-26 21:43:11,652 - data_preprocessing - DEBUG - Duplicates removed
2025-05-26 21:43:11,655 - data_preprocessing - ERROR - Error during text normalization: 
**********************************************************************
  Resource [93mpunkt_tab[0m not found.
  Please use the NLTK Downloader to obtain the resource:

  [31m>>> import nltk
  >>> nltk.download('punkt_tab')
  [0m
  For more information see: https://www.nltk.org/data.html

  Attempted to load [93mtokenizers/punkt_tab/english/[0m

  Searched in:
    - 'C:\\Users\\Arpita mallik/nltk_data'
    - 'F:\\MLOPS_Complete_ML_Pipeline\\venv\\nltk_data'
    - 'F:\\MLOPS_Complete_ML_Pipeline\\venv\\share\\nltk_data'
    - 'F:\\MLOPS_Complete_ML_Pipeline\\venv\\lib\\nltk_data'
    - 'C:\\Users\\Arpita mallik\\AppData\\Roaming\\nltk_data'
    - 'C:\\nltk_data'
    - 'D:\\nltk_data'
    - 'E:\\nltk_data'
**********************************************************************

2025-05-26 21:43:11,655 - data_preprocessing - ERROR - Failed to complete the data transformation process: 
**********************************************************************
  Resource [93mpunkt_tab[0m not found.
  Please use the NLTK Downloader to obtain the resource:

  [31m>>> import nltk
  >>> nltk.download('punkt_tab')
  [0m
  For more information see: https://www.nltk.org/data.html

  Attempted to load [93mtokenizers/punkt_tab/english/[0m

  Searched in:
    - 'C:\\Users\\Arpita mallik/nltk_data'
    - 'F:\\MLOPS_Complete_ML_Pipeline\\venv\\nltk_data'
    - 'F:\\MLOPS_Complete_ML_Pipeline\\venv\\share\\nltk_data'
    - 'F:\\MLOPS_Complete_ML_Pipeline\\venv\\lib\\nltk_data'
    - 'C:\\Users\\Arpita mallik\\AppData\\Roaming\\nltk_data'
    - 'C:\\nltk_data'
    - 'D:\\nltk_data'
    - 'E:\\nltk_data'
**********************************************************************

2025-05-26 21:50:20,047 - data_preprocessing - DEBUG - Data loaded properly
2025-05-26 21:50:20,048 - data_preprocessing - DEBUG - Starting preprocessing for DataFrame
2025-05-26 21:50:20,049 - data_preprocessing - DEBUG - Target column encoded
2025-05-26 21:50:20,051 - data_preprocessing - DEBUG - Duplicates removed
2025-05-26 21:50:20,053 - data_preprocessing - ERROR - Error during text normalization: 
**********************************************************************
  Resource [93mpunkt_tab[0m not found.
  Please use the NLTK Downloader to obtain the resource:

  [31m>>> import nltk
  >>> nltk.download('punkt_tab')
  [0m
  For more information see: https://www.nltk.org/data.html

  Attempted to load [93mtokenizers/punkt_tab/english/[0m

  Searched in:
    - 'C:\\Users\\Arpita mallik/nltk_data'
    - 'F:\\MLOPS_Complete_ML_Pipeline\\venv\\nltk_data'
    - 'F:\\MLOPS_Complete_ML_Pipeline\\venv\\share\\nltk_data'
    - 'F:\\MLOPS_Complete_ML_Pipeline\\venv\\lib\\nltk_data'
    - 'C:\\Users\\Arpita mallik\\AppData\\Roaming\\nltk_data'
    - 'C:\\nltk_data'
    - 'D:\\nltk_data'
    - 'E:\\nltk_data'
**********************************************************************

2025-05-26 21:50:20,053 - data_preprocessing - ERROR - Failed to complete the data transformation process: 
**********************************************************************
  Resource [93mpunkt_tab[0m not found.
  Please use the NLTK Downloader to obtain the resource:

  [31m>>> import nltk
  >>> nltk.download('punkt_tab')
  [0m
  For more information see: https://www.nltk.org/data.html

  Attempted to load [93mtokenizers/punkt_tab/english/[0m

  Searched in:
    - 'C:\\Users\\Arpita mallik/nltk_data'
    - 'F:\\MLOPS_Complete_ML_Pipeline\\venv\\nltk_data'
    - 'F:\\MLOPS_Complete_ML_Pipeline\\venv\\share\\nltk_data'
    - 'F:\\MLOPS_Complete_ML_Pipeline\\venv\\lib\\nltk_data'
    - 'C:\\Users\\Arpita mallik\\AppData\\Roaming\\nltk_data'
    - 'C:\\nltk_data'
    - 'D:\\nltk_data'
    - 'E:\\nltk_data'
**********************************************************************

2025-05-26 21:51:16,800 - data_preprocessing - DEBUG - Data loaded properly
2025-05-26 21:51:16,825 - data_preprocessing - DEBUG - Starting preprocessing for DataFrame
2025-05-26 21:51:16,834 - data_preprocessing - DEBUG - Target column encoded
2025-05-26 21:51:16,846 - data_preprocessing - DEBUG - Duplicates removed
2025-05-26 21:51:27,056 - data_preprocessing - DEBUG - Text column transformed
2025-05-26 21:51:27,056 - data_preprocessing - DEBUG - Starting preprocessing for DataFrame
2025-05-26 21:51:27,056 - data_preprocessing - DEBUG - Target column encoded
2025-05-26 21:51:27,056 - data_preprocessing - DEBUG - Duplicates removed
2025-05-26 21:51:30,103 - data_preprocessing - DEBUG - Text column transformed
2025-05-26 21:51:30,122 - data_preprocessing - DEBUG - Processed data saved to ./data\interim
2025-05-26 21:52:11,606 - data_preprocessing - DEBUG - Data loaded properly
2025-05-26 21:52:11,606 - data_preprocessing - DEBUG - Starting preprocessing for DataFrame
2025-05-26 21:52:11,664 - data_preprocessing - DEBUG - Target column encoded
2025-05-26 21:52:11,726 - data_preprocessing - DEBUG - Duplicates removed
2025-05-26 21:52:11,729 - data_preprocessing - ERROR - Error during text normalization: 
**********************************************************************
  Resource [93mpunkt_tab[0m not found.
  Please use the NLTK Downloader to obtain the resource:

  [31m>>> import nltk
  >>> nltk.download('punkt_tab')
  [0m
  For more information see: https://www.nltk.org/data.html

  Attempted to load [93mtokenizers/punkt_tab/english/[0m

  Searched in:
    - 'C:\\Users\\Arpita mallik/nltk_data'
    - 'F:\\MLOPS_Complete_ML_Pipeline\\venv\\nltk_data'
    - 'F:\\MLOPS_Complete_ML_Pipeline\\venv\\share\\nltk_data'
    - 'F:\\MLOPS_Complete_ML_Pipeline\\venv\\lib\\nltk_data'
    - 'C:\\Users\\Arpita mallik\\AppData\\Roaming\\nltk_data'
    - 'C:\\nltk_data'
    - 'D:\\nltk_data'
    - 'E:\\nltk_data'
    - 'C:/Users/Arpita mallik/AppData/Roaming/nltk_data'
**********************************************************************

2025-05-26 21:52:11,730 - data_preprocessing - ERROR - Failed to complete the data transformation process: 
**********************************************************************
  Resource [93mpunkt_tab[0m not found.
  Please use the NLTK Downloader to obtain the resource:

  [31m>>> import nltk
  >>> nltk.download('punkt_tab')
  [0m
  For more information see: https://www.nltk.org/data.html

  Attempted to load [93mtokenizers/punkt_tab/english/[0m

  Searched in:
    - 'C:\\Users\\Arpita mallik/nltk_data'
    - 'F:\\MLOPS_Complete_ML_Pipeline\\venv\\nltk_data'
    - 'F:\\MLOPS_Complete_ML_Pipeline\\venv\\share\\nltk_data'
    - 'F:\\MLOPS_Complete_ML_Pipeline\\venv\\lib\\nltk_data'
    - 'C:\\Users\\Arpita mallik\\AppData\\Roaming\\nltk_data'
    - 'C:\\nltk_data'
    - 'D:\\nltk_data'
    - 'E:\\nltk_data'
    - 'C:/Users/Arpita mallik/AppData/Roaming/nltk_data'
**********************************************************************

2025-05-26 21:54:41,248 - data_preprocessing - DEBUG - Data loaded properly
2025-05-26 21:54:41,248 - data_preprocessing - DEBUG - Starting preprocessing for DataFrame
2025-05-26 21:54:41,259 - data_preprocessing - DEBUG - Target column encoded
2025-05-26 21:54:41,261 - data_preprocessing - DEBUG - Duplicates removed
2025-05-26 21:54:41,263 - data_preprocessing - ERROR - Error during text normalization: 
**********************************************************************
  Resource [93mpunkt_tab[0m not found.
  Please use the NLTK Downloader to obtain the resource:

  [31m>>> import nltk
  >>> nltk.download('punkt_tab')
  [0m
  For more information see: https://www.nltk.org/data.html

  Attempted to load [93mtokenizers/punkt_tab/english/[0m

  Searched in:
    - 'C:\\Users\\Arpita mallik/nltk_data'
    - 'F:\\MLOPS_Complete_ML_Pipeline\\venv\\nltk_data'
    - 'F:\\MLOPS_Complete_ML_Pipeline\\venv\\share\\nltk_data'
    - 'F:\\MLOPS_Complete_ML_Pipeline\\venv\\lib\\nltk_data'
    - 'C:\\Users\\Arpita mallik\\AppData\\Roaming\\nltk_data'
    - 'C:\\nltk_data'
    - 'D:\\nltk_data'
    - 'E:\\nltk_data'
    - 'C:/Users/Arpita mallik/AppData/Roaming/nltk_data'
**********************************************************************

2025-05-26 21:54:41,264 - data_preprocessing - ERROR - Failed to complete the data transformation process: 
**********************************************************************
  Resource [93mpunkt_tab[0m not found.
  Please use the NLTK Downloader to obtain the resource:

  [31m>>> import nltk
  >>> nltk.download('punkt_tab')
  [0m
  For more information see: https://www.nltk.org/data.html

  Attempted to load [93mtokenizers/punkt_tab/english/[0m

  Searched in:
    - 'C:\\Users\\Arpita mallik/nltk_data'
    - 'F:\\MLOPS_Complete_ML_Pipeline\\venv\\nltk_data'
    - 'F:\\MLOPS_Complete_ML_Pipeline\\venv\\share\\nltk_data'
    - 'F:\\MLOPS_Complete_ML_Pipeline\\venv\\lib\\nltk_data'
    - 'C:\\Users\\Arpita mallik\\AppData\\Roaming\\nltk_data'
    - 'C:\\nltk_data'
    - 'D:\\nltk_data'
    - 'E:\\nltk_data'
    - 'C:/Users/Arpita mallik/AppData/Roaming/nltk_data'
**********************************************************************

2025-05-26 22:03:28,263 - data_preprocessing - DEBUG - Data loaded properly
2025-05-26 22:03:28,263 - data_preprocessing - DEBUG - Starting preprocessing for DataFrame
2025-05-26 22:03:28,265 - data_preprocessing - DEBUG - Target column encoded
2025-05-26 22:03:28,269 - data_preprocessing - DEBUG - Duplicates removed
2025-05-26 22:03:28,270 - data_preprocessing - ERROR - Error during text normalization: 
**********************************************************************
  Resource [93mpunkt_tab[0m not found.
  Please use the NLTK Downloader to obtain the resource:

  [31m>>> import nltk
  >>> nltk.download('punkt_tab')
  [0m
  For more information see: https://www.nltk.org/data.html

  Attempted to load [93mtokenizers/punkt_tab/english/[0m

  Searched in:
    - 'C:\\Users\\Arpita mallik/nltk_data'
    - 'F:\\MLOPS_Complete_ML_Pipeline\\venv\\nltk_data'
    - 'F:\\MLOPS_Complete_ML_Pipeline\\venv\\share\\nltk_data'
    - 'F:\\MLOPS_Complete_ML_Pipeline\\venv\\lib\\nltk_data'
    - 'C:\\Users\\Arpita mallik\\AppData\\Roaming\\nltk_data'
    - 'C:\\nltk_data'
    - 'D:\\nltk_data'
    - 'E:\\nltk_data'
    - 'C:/Users/Arpita mallik/AppData/Roaming/nltk_data'
**********************************************************************

2025-05-26 22:03:28,270 - data_preprocessing - ERROR - Failed to complete the data transformation process: 
**********************************************************************
  Resource [93mpunkt_tab[0m not found.
  Please use the NLTK Downloader to obtain the resource:

  [31m>>> import nltk
  >>> nltk.download('punkt_tab')
  [0m
  For more information see: https://www.nltk.org/data.html

  Attempted to load [93mtokenizers/punkt_tab/english/[0m

  Searched in:
    - 'C:\\Users\\Arpita mallik/nltk_data'
    - 'F:\\MLOPS_Complete_ML_Pipeline\\venv\\nltk_data'
    - 'F:\\MLOPS_Complete_ML_Pipeline\\venv\\share\\nltk_data'
    - 'F:\\MLOPS_Complete_ML_Pipeline\\venv\\lib\\nltk_data'
    - 'C:\\Users\\Arpita mallik\\AppData\\Roaming\\nltk_data'
    - 'C:\\nltk_data'
    - 'D:\\nltk_data'
    - 'E:\\nltk_data'
    - 'C:/Users/Arpita mallik/AppData/Roaming/nltk_data'
**********************************************************************

2025-05-26 22:14:16,537 - data_preprocessing - DEBUG - Data loaded properly
2025-05-26 22:14:16,537 - data_preprocessing - DEBUG - Starting preprocessing for DataFrame
2025-05-26 22:14:16,543 - data_preprocessing - DEBUG - Target column encoded
2025-05-26 22:14:16,551 - data_preprocessing - DEBUG - Duplicates removed
2025-05-26 22:14:26,423 - data_preprocessing - DEBUG - Text column transformed
2025-05-26 22:14:26,423 - data_preprocessing - DEBUG - Starting preprocessing for DataFrame
2025-05-26 22:14:26,423 - data_preprocessing - DEBUG - Target column encoded
2025-05-26 22:14:26,439 - data_preprocessing - DEBUG - Duplicates removed
2025-05-26 22:14:29,084 - data_preprocessing - DEBUG - Text column transformed
2025-05-26 22:14:29,096 - data_preprocessing - DEBUG - Processed data saved to ./data\interim
2025-05-26 22:52:07,781 - data_preprocessing - DEBUG - Data loaded properly
2025-05-26 22:52:07,782 - data_preprocessing - DEBUG - Starting preprocessing for DataFrame
2025-05-26 22:52:07,784 - data_preprocessing - DEBUG - Target column encoded
2025-05-26 22:52:07,802 - data_preprocessing - DEBUG - Duplicates removed
2025-05-26 22:52:07,804 - data_preprocessing - ERROR - Error during text normalization: 
**********************************************************************
  Resource [93mpunkt_tab[0m not found.
  Please use the NLTK Downloader to obtain the resource:

  [31m>>> import nltk
  >>> nltk.download('punkt_tab')
  [0m
  For more information see: https://www.nltk.org/data.html

  Attempted to load [93mtokenizers/punkt_tab/english/[0m

  Searched in:
    - 'C:\\Users\\Arpita mallik/nltk_data'
    - 'F:\\MLOPS_Complete_ML_Pipeline\\venv\\nltk_data'
    - 'F:\\MLOPS_Complete_ML_Pipeline\\venv\\share\\nltk_data'
    - 'F:\\MLOPS_Complete_ML_Pipeline\\venv\\lib\\nltk_data'
    - 'C:\\Users\\Arpita mallik\\AppData\\Roaming\\nltk_data'
    - 'C:\\nltk_data'
    - 'D:\\nltk_data'
    - 'E:\\nltk_data'
    - 'C:/Users/Arpita mallik/AppData/Roaming/nltk_data'
**********************************************************************

2025-05-26 22:52:07,805 - data_preprocessing - ERROR - Failed to complete the data transformation process: 
**********************************************************************
  Resource [93mpunkt_tab[0m not found.
  Please use the NLTK Downloader to obtain the resource:

  [31m>>> import nltk
  >>> nltk.download('punkt_tab')
  [0m
  For more information see: https://www.nltk.org/data.html

  Attempted to load [93mtokenizers/punkt_tab/english/[0m

  Searched in:
    - 'C:\\Users\\Arpita mallik/nltk_data'
    - 'F:\\MLOPS_Complete_ML_Pipeline\\venv\\nltk_data'
    - 'F:\\MLOPS_Complete_ML_Pipeline\\venv\\share\\nltk_data'
    - 'F:\\MLOPS_Complete_ML_Pipeline\\venv\\lib\\nltk_data'
    - 'C:\\Users\\Arpita mallik\\AppData\\Roaming\\nltk_data'
    - 'C:\\nltk_data'
    - 'D:\\nltk_data'
    - 'E:\\nltk_data'
    - 'C:/Users/Arpita mallik/AppData/Roaming/nltk_data'
**********************************************************************

2025-05-26 22:52:53,528 - data_preprocessing - DEBUG - Data loaded properly
2025-05-26 22:52:53,528 - data_preprocessing - DEBUG - Starting preprocessing for DataFrame
2025-05-26 22:52:53,528 - data_preprocessing - DEBUG - Target column encoded
2025-05-26 22:52:53,528 - data_preprocessing - DEBUG - Duplicates removed
2025-05-26 22:52:53,535 - data_preprocessing - ERROR - Error during text normalization: 
**********************************************************************
  Resource [93mpunkt_tab[0m not found.
  Please use the NLTK Downloader to obtain the resource:

  [31m>>> import nltk
  >>> nltk.download('punkt_tab')
  [0m
  For more information see: https://www.nltk.org/data.html

  Attempted to load [93mtokenizers/punkt_tab/english/[0m

  Searched in:
    - 'C:\\Users\\Arpita mallik/nltk_data'
    - 'F:\\MLOPS_Complete_ML_Pipeline\\venv\\nltk_data'
    - 'F:\\MLOPS_Complete_ML_Pipeline\\venv\\share\\nltk_data'
    - 'F:\\MLOPS_Complete_ML_Pipeline\\venv\\lib\\nltk_data'
    - 'C:\\Users\\Arpita mallik\\AppData\\Roaming\\nltk_data'
    - 'C:\\nltk_data'
    - 'D:\\nltk_data'
    - 'E:\\nltk_data'
    - 'C:/Users/Arpita mallik/AppData/Roaming/nltk_data'
**********************************************************************

2025-05-26 22:52:53,536 - data_preprocessing - ERROR - Failed to complete the data transformation process: 
**********************************************************************
  Resource [93mpunkt_tab[0m not found.
  Please use the NLTK Downloader to obtain the resource:

  [31m>>> import nltk
  >>> nltk.download('punkt_tab')
  [0m
  For more information see: https://www.nltk.org/data.html

  Attempted to load [93mtokenizers/punkt_tab/english/[0m

  Searched in:
    - 'C:\\Users\\Arpita mallik/nltk_data'
    - 'F:\\MLOPS_Complete_ML_Pipeline\\venv\\nltk_data'
    - 'F:\\MLOPS_Complete_ML_Pipeline\\venv\\share\\nltk_data'
    - 'F:\\MLOPS_Complete_ML_Pipeline\\venv\\lib\\nltk_data'
    - 'C:\\Users\\Arpita mallik\\AppData\\Roaming\\nltk_data'
    - 'C:\\nltk_data'
    - 'D:\\nltk_data'
    - 'E:\\nltk_data'
    - 'C:/Users/Arpita mallik/AppData/Roaming/nltk_data'
**********************************************************************

2025-05-26 22:56:35,551 - data_preprocessing - DEBUG - Data loaded properly
2025-05-26 22:56:35,551 - data_preprocessing - DEBUG - Starting preprocessing for DataFrame
2025-05-26 22:56:35,551 - data_preprocessing - DEBUG - Target column encoded
2025-05-26 22:56:35,551 - data_preprocessing - DEBUG - Duplicates removed
2025-05-26 22:56:45,362 - data_preprocessing - DEBUG - Text column transformed
2025-05-26 22:56:45,362 - data_preprocessing - DEBUG - Starting preprocessing for DataFrame
2025-05-26 22:56:45,362 - data_preprocessing - DEBUG - Target column encoded
2025-05-26 22:56:45,362 - data_preprocessing - DEBUG - Duplicates removed
2025-05-26 22:56:47,574 - data_preprocessing - DEBUG - Text column transformed
2025-05-26 22:56:47,593 - data_preprocessing - DEBUG - Processed data saved to ./data\interim
2025-05-26 23:31:08,893 - data_preprocessing - DEBUG - Data loaded properly
2025-05-26 23:31:08,894 - data_preprocessing - DEBUG - Starting preprocessing for DataFrame
2025-05-26 23:31:08,897 - data_preprocessing - DEBUG - Target column encoded
2025-05-26 23:31:08,937 - data_preprocessing - DEBUG - Duplicates removed
2025-05-26 23:31:20,456 - data_preprocessing - DEBUG - Text column transformed
2025-05-26 23:31:20,456 - data_preprocessing - DEBUG - Starting preprocessing for DataFrame
2025-05-26 23:31:20,458 - data_preprocessing - DEBUG - Target column encoded
2025-05-26 23:31:20,459 - data_preprocessing - DEBUG - Duplicates removed
2025-05-26 23:31:22,802 - data_preprocessing - DEBUG - Text column transformed
2025-05-26 23:31:22,819 - data_preprocessing - DEBUG - Processed data saved to ./data\interim
2025-05-26 23:34:43,088 - data_preprocessing - DEBUG - Data loaded properly
2025-05-26 23:34:43,088 - data_preprocessing - DEBUG - Starting preprocessing for DataFrame
2025-05-26 23:34:43,089 - data_preprocessing - DEBUG - Target column encoded
2025-05-26 23:34:43,092 - data_preprocessing - DEBUG - Duplicates removed
2025-05-26 23:34:55,120 - data_preprocessing - DEBUG - Text column transformed
2025-05-26 23:34:55,121 - data_preprocessing - DEBUG - Starting preprocessing for DataFrame
2025-05-26 23:34:55,122 - data_preprocessing - DEBUG - Target column encoded
2025-05-26 23:34:55,123 - data_preprocessing - DEBUG - Duplicates removed
2025-05-26 23:34:56,712 - data_preprocessing - DEBUG - Text column transformed
2025-05-26 23:34:56,723 - data_preprocessing - DEBUG - Processed data saved to ./data\interim
2025-05-26 23:35:53,030 - data_preprocessing - DEBUG - Data loaded properly
2025-05-26 23:35:53,030 - data_preprocessing - DEBUG - Starting preprocessing for DataFrame
2025-05-26 23:35:53,031 - data_preprocessing - DEBUG - Target column encoded
2025-05-26 23:35:53,034 - data_preprocessing - DEBUG - Duplicates removed
2025-05-26 23:36:04,954 - data_preprocessing - DEBUG - Text column transformed
2025-05-26 23:36:04,954 - data_preprocessing - DEBUG - Starting preprocessing for DataFrame
2025-05-26 23:36:04,955 - data_preprocessing - DEBUG - Target column encoded
2025-05-26 23:36:04,956 - data_preprocessing - DEBUG - Duplicates removed
2025-05-26 23:36:06,824 - data_preprocessing - DEBUG - Text column transformed
2025-05-26 23:36:06,837 - data_preprocessing - DEBUG - Processed data saved to ./data\interim
2025-05-27 11:02:53,796 - data_preprocessing - DEBUG - Data loaded properly
2025-05-27 11:02:53,796 - data_preprocessing - DEBUG - Starting preprocessing for DataFrame
2025-05-27 11:02:53,830 - data_preprocessing - DEBUG - Target column encoded
2025-05-27 11:02:53,871 - data_preprocessing - DEBUG - Duplicates removed
2025-05-27 11:03:05,579 - data_preprocessing - DEBUG - Text column transformed
2025-05-27 11:03:05,579 - data_preprocessing - DEBUG - Starting preprocessing for DataFrame
2025-05-27 11:03:05,579 - data_preprocessing - DEBUG - Target column encoded
2025-05-27 11:03:05,579 - data_preprocessing - DEBUG - Duplicates removed
2025-05-27 11:03:08,792 - data_preprocessing - DEBUG - Text column transformed
2025-05-27 11:03:08,926 - data_preprocessing - DEBUG - Processed data saved to ./data\interim
2025-05-27 11:03:58,565 - data_preprocessing - DEBUG - Data loaded properly
2025-05-27 11:03:58,565 - data_preprocessing - DEBUG - Starting preprocessing for DataFrame
2025-05-27 11:03:58,569 - data_preprocessing - DEBUG - Target column encoded
2025-05-27 11:03:58,575 - data_preprocessing - DEBUG - Duplicates removed
2025-05-27 11:04:09,642 - data_preprocessing - DEBUG - Text column transformed
2025-05-27 11:04:09,642 - data_preprocessing - DEBUG - Starting preprocessing for DataFrame
2025-05-27 11:04:09,642 - data_preprocessing - DEBUG - Target column encoded
2025-05-27 11:04:09,657 - data_preprocessing - DEBUG - Duplicates removed
2025-05-27 11:04:14,168 - data_preprocessing - DEBUG - Text column transformed
2025-05-27 11:04:14,188 - data_preprocessing - DEBUG - Processed data saved to ./data\interim
