2025-05-26 01:30:48,651 - feature_engineering - ERROR - File not found: params.yaml
2025-05-26 01:30:48,651 - feature_engineering - ERROR - Failed to complete the feature engineering process: [Errno 2] No such file or directory: 'params.yaml'
2025-05-26 01:31:50,419 - feature_engineering - DEBUG - Data loaded and NaNs filled from ./data/interim/train_processed.csv
2025-05-26 01:31:50,450 - feature_engineering - DEBUG - Data loaded and NaNs filled from ./data/interim/test_processed.csv
2025-05-26 01:31:50,551 - feature_engineering - DEBUG - tfidf applied and data transformed
2025-05-26 01:31:50,743 - feature_engineering - DEBUG - Data saved to ./data\processed\train_tfidf.csv
2025-05-26 01:31:50,768 - feature_engineering - DEBUG - Data saved to ./data\processed\test_tfidf.csv
2025-05-26 14:15:30,643 - feature_engineering - ERROR - Unexpected error occurred while loading the data: [Errno 2] No such file or directory: './data/interim/train_processed.csv'
2025-05-26 14:15:30,644 - feature_engineering - ERROR - Failed to complete the feature engineering process: [Errno 2] No such file or directory: './data/interim/train_processed.csv'
2025-05-26 14:16:10,489 - feature_engineering - DEBUG - Data loaded and NaNs filled from ./data/interim/train_processed.csv
2025-05-26 14:16:10,507 - feature_engineering - DEBUG - Data loaded and NaNs filled from ./data/interim/test_processed.csv
2025-05-26 14:16:10,580 - feature_engineering - DEBUG - tfidf applied and data transformed
2025-05-26 14:16:10,754 - feature_engineering - DEBUG - Data saved to ./data\processed\train_tfidf.csv
2025-05-26 14:16:10,786 - feature_engineering - DEBUG - Data saved to ./data\processed\test_tfidf.csv
2025-05-26 22:48:04,990 - feature_engineering - DEBUG - Parameters retrieved from params.yaml
2025-05-26 22:48:05,075 - feature_engineering - DEBUG - Data loaded and NaNs filled from ./data/interim/train_processed.csv
2025-05-26 22:48:05,102 - feature_engineering - DEBUG - Data loaded and NaNs filled from ./data/interim/test_processed.csv
2025-05-26 22:48:05,248 - feature_engineering - DEBUG - tfidf applied and data transformed
2025-05-26 22:48:05,337 - feature_engineering - DEBUG - Data saved to ./data\processed\train_tfidf.csv
2025-05-26 22:48:05,360 - feature_engineering - DEBUG - Data saved to ./data\processed\test_tfidf.csv
2025-05-26 22:56:49,526 - feature_engineering - DEBUG - Parameters retrieved from params.yaml
2025-05-26 22:56:49,571 - feature_engineering - DEBUG - Data loaded and NaNs filled from ./data/interim/train_processed.csv
2025-05-26 22:56:49,585 - feature_engineering - DEBUG - Data loaded and NaNs filled from ./data/interim/test_processed.csv
2025-05-26 22:56:49,717 - feature_engineering - DEBUG - tfidf applied and data transformed
2025-05-26 22:56:49,804 - feature_engineering - DEBUG - Data saved to ./data\processed\train_tfidf.csv
2025-05-26 22:56:49,821 - feature_engineering - DEBUG - Data saved to ./data\processed\test_tfidf.csv
2025-05-26 23:31:25,167 - feature_engineering - DEBUG - Parameters retrieved from params.yaml
2025-05-26 23:31:25,188 - feature_engineering - DEBUG - Data loaded and NaNs filled from ./data/interim/train_processed.csv
2025-05-26 23:31:25,202 - feature_engineering - DEBUG - Data loaded and NaNs filled from ./data/interim/test_processed.csv
2025-05-26 23:31:25,500 - feature_engineering - DEBUG - tfidf applied and data transformed
2025-05-26 23:31:25,592 - feature_engineering - DEBUG - Data saved to ./data\processed\train_tfidf.csv
2025-05-26 23:31:25,610 - feature_engineering - DEBUG - Data saved to ./data\processed\test_tfidf.csv
2025-05-26 23:34:59,111 - feature_engineering - DEBUG - Parameters retrieved from params.yaml
2025-05-26 23:34:59,132 - feature_engineering - DEBUG - Data loaded and NaNs filled from ./data/interim/train_processed.csv
2025-05-26 23:34:59,149 - feature_engineering - DEBUG - Data loaded and NaNs filled from ./data/interim/test_processed.csv
2025-05-26 23:34:59,198 - feature_engineering - DEBUG - tfidf applied and data transformed
2025-05-26 23:34:59,270 - feature_engineering - DEBUG - Data saved to ./data\processed\train_tfidf.csv
2025-05-26 23:34:59,280 - feature_engineering - DEBUG - Data saved to ./data\processed\test_tfidf.csv
2025-05-26 23:36:09,092 - feature_engineering - DEBUG - Parameters retrieved from params.yaml
2025-05-26 23:36:09,115 - feature_engineering - DEBUG - Data loaded and NaNs filled from ./data/interim/train_processed.csv
2025-05-26 23:36:09,130 - feature_engineering - DEBUG - Data loaded and NaNs filled from ./data/interim/test_processed.csv
2025-05-26 23:36:09,177 - feature_engineering - DEBUG - tfidf applied and data transformed
2025-05-26 23:36:09,240 - feature_engineering - DEBUG - Data saved to ./data\processed\train_tfidf.csv
2025-05-26 23:36:09,250 - feature_engineering - DEBUG - Data saved to ./data\processed\test_tfidf.csv
