2025-05-26 01:53:24,717 - model_building - DEBUG - Data loaded from ./data/processed/train_tfidf.csv with shape (4152, 51)
2025-05-26 01:53:24,720 - model_building - DEBUG - Initializing RandomForest model with parameters: {'n_estimators': 100, 'random_state': 2}
2025-05-26 01:53:24,720 - model_building - DEBUG - Model training started with 4152 samples
2025-05-26 01:53:25,143 - model_building - DEBUG - Model training completed
2025-05-26 01:53:25,257 - model_building - DEBUG - Model saved to models/model.pkl
2025-05-26 14:16:24,897 - model_building - DEBUG - Data loaded from ./data/processed/train_tfidf.csv with shape (4152, 51)
2025-05-26 14:16:24,898 - model_building - DEBUG - Initializing RandomForest model with parameters: {'n_estimators': 100, 'random_state': 2}
2025-05-26 14:16:24,898 - model_building - DEBUG - Model training started with 4152 samples
2025-05-26 14:16:25,330 - model_building - DEBUG - Model training completed
2025-05-26 14:16:25,338 - model_building - DEBUG - Model saved to models/model.pkl
2025-05-26 22:48:08,495 - model_building - DEBUG - Parameters retrieved from params.yaml
2025-05-26 22:48:08,510 - model_building - DEBUG - Data loaded from ./data/processed/train_tfidf.csv with shape (4152, 51)
2025-05-26 22:48:08,520 - model_building - DEBUG - Initializing RandomForest model with parameters: {'n_estimators': 25, 'random_state': 42}
2025-05-26 22:48:08,521 - model_building - DEBUG - Model training started with 4152 samples
2025-05-26 22:48:08,653 - model_building - DEBUG - Model training completed
2025-05-26 22:48:08,655 - model_building - DEBUG - Model saved to models/model.pkl
2025-05-26 22:56:52,243 - model_building - DEBUG - Parameters retrieved from params.yaml
2025-05-26 22:56:52,269 - model_building - DEBUG - Data loaded from ./data/processed/train_tfidf.csv with shape (4257, 46)
2025-05-26 22:56:52,269 - model_building - DEBUG - Initializing RandomForest model with parameters: {'n_estimators': 20, 'random_state': 42}
2025-05-26 22:56:52,269 - model_building - DEBUG - Model training started with 4257 samples
2025-05-26 22:56:52,446 - model_building - DEBUG - Model training completed
2025-05-26 22:56:52,450 - model_building - DEBUG - Model saved to models/model.pkl
2025-05-26 23:31:28,567 - model_building - DEBUG - Parameters retrieved from params.yaml
2025-05-26 23:31:28,581 - model_building - DEBUG - Data loaded from ./data/processed/train_tfidf.csv with shape (4413, 41)
2025-05-26 23:31:28,583 - model_building - DEBUG - Initializing RandomForest model with parameters: {'n_estimators': 20, 'random_state': 2}
2025-05-26 23:31:28,583 - model_building - DEBUG - Model training started with 4413 samples
2025-05-26 23:31:28,760 - model_building - DEBUG - Model training completed
2025-05-26 23:31:28,775 - model_building - DEBUG - Model saved to models/model.pkl
2025-05-26 23:35:01,700 - model_building - DEBUG - Parameters retrieved from params.yaml
2025-05-26 23:35:01,713 - model_building - DEBUG - Data loaded from ./data/processed/train_tfidf.csv with shape (4670, 36)
2025-05-26 23:35:01,715 - model_building - DEBUG - Initializing RandomForest model with parameters: {'n_estimators': 22, 'random_state': 2}
2025-05-26 23:35:01,715 - model_building - DEBUG - Model training started with 4670 samples
2025-05-26 23:35:01,807 - model_building - DEBUG - Model training completed
2025-05-26 23:35:01,809 - model_building - DEBUG - Model saved to models/model.pkl
2025-05-26 23:36:11,633 - model_building - DEBUG - Parameters retrieved from params.yaml
2025-05-26 23:36:11,643 - model_building - DEBUG - Data loaded from ./data/processed/train_tfidf.csv with shape (4567, 33)
2025-05-26 23:36:11,644 - model_building - DEBUG - Initializing RandomForest model with parameters: {'n_estimators': 23, 'random_state': 2}
2025-05-26 23:36:11,644 - model_building - DEBUG - Model training started with 4567 samples
2025-05-26 23:36:11,734 - model_building - DEBUG - Model training completed
2025-05-26 23:36:11,736 - model_building - DEBUG - Model saved to models/model.pkl
2025-05-27 11:03:15,974 - model_building - DEBUG - Parameters retrieved from params.yaml
2025-05-27 11:03:15,995 - model_building - DEBUG - Data loaded from ./data/processed/train_tfidf.csv with shape (4152, 31)
2025-05-27 11:03:15,997 - model_building - DEBUG - Initializing RandomForest model with parameters: {'n_estimators': 21, 'random_state': 42}
2025-05-27 11:03:15,998 - model_building - DEBUG - Model training started with 4152 samples
2025-05-27 11:03:16,197 - model_building - DEBUG - Model training completed
2025-05-27 11:03:16,212 - model_building - DEBUG - Model saved to models/model.pkl
2025-05-27 11:04:21,193 - model_building - DEBUG - Parameters retrieved from params.yaml
2025-05-27 11:04:21,223 - model_building - DEBUG - Data loaded from ./data/processed/train_tfidf.csv with shape (3654, 33)
2025-05-27 11:04:21,226 - model_building - DEBUG - Initializing RandomForest model with parameters: {'n_estimators': 25, 'random_state': 42}
2025-05-27 11:04:21,227 - model_building - DEBUG - Model training started with 3654 samples
2025-05-27 11:04:21,369 - model_building - DEBUG - Model training completed
2025-05-27 11:04:21,374 - model_building - DEBUG - Model saved to models/model.pkl
